Flutter crash report.
Please report a bug at https://github.com/flutter/flutter/issues.

## command

flutter --quiet assemble --no-version-check --depfile C:\Users\fulop\StudioProjects\dice_app\build\app\intermediates\flutter\debug/flutter_build.d --output C:\Users\fulop\StudioProjects\dice_app\build\app\intermediates\flutter\debug -dTargetFile=C:\Users\fulop\StudioProjects\dice_app\lib\main.dart -dTargetPlatform=android -dBuildMode=debug -dTrackWidgetCreation=true --DartDefines=RkxVVFRFUl9XRUJfQVVUT19ERVRFQ1Q9dHJ1ZQ== debug_android_application

## exception

FileSystemException: FileSystemException: Cannot delete file, path = 'C:\Users\fulop\StudioProjects\dice_app\build\app\intermediates\flutter\debug\flutter_assets\isolate_snapshot_data' (OS Error: Access is denied.
, errno = 5)

```
#0      _File.throwIfError (dart:io/file_impl.dart:635:7)
#1      _File._deleteSync (dart:io/file_impl.dart:298:5)
#2      FileSystemEntity.deleteSync (dart:io/file_system_entity.dart:427:7)
#3      ForwardingFileSystemEntity.deleteSync (package:file/src/forwarding/forwarding_file_system_entity.dart:70:16)
#4      ForwardingFileSystemEntity.deleteSync (package:file/src/forwarding/forwarding_file_system_entity.dart:70:16)
#5      ErrorHandlingFileSystem.deleteIfExists (package:flutter_tools/src/base/error_handling_io.dart:82:12)
#6      FlutterBuildSystem.trackSharedBuildDirectory (package:flutter_tools/src/build_system/build_system.dart:742:33)
#7      FlutterBuildSystem.build (package:flutter_tools/src/build_system/build_system.dart:630:5)
<asynchronous suspension>
#8      AssembleCommand.runCommand (package:flutter_tools/src/commands/assemble.dart:316:32)
<asynchronous suspension>
#9      FlutterCommand.run.<anonymous closure> (package:flutter_tools/src/runner/flutter_command.dart:1209:27)
<asynchronous suspension>
#10     AppContext.run.<anonymous closure> (package:flutter_tools/src/base/context.dart:150:19)
<asynchronous suspension>
#11     CommandRunner.runCommand (package:args/command_runner.dart:209:13)
<asynchronous suspension>
#12     FlutterCommandRunner.runCommand.<anonymous closure> (package:flutter_tools/src/runner/flutter_command_runner.dart:281:9)
<asynchronous suspension>
#13     AppContext.run.<anonymous closure> (package:flutter_tools/src/base/context.dart:150:19)
<asynchronous suspension>
#14     FlutterCommandRunner.runCommand (package:flutter_tools/src/runner/flutter_command_runner.dart:229:5)
<asynchronous suspension>
#15     run.<anonymous closure>.<anonymous closure> (package:flutter_tools/runner.dart:62:9)
<asynchronous suspension>
#16     AppContext.run.<anonymous closure> (package:flutter_tools/src/base/context.dart:150:19)
<asynchronous suspension>
#17     main (package:flutter_tools/executable.dart:91:3)
<asynchronous suspension>
```

## flutter doctor

```
[✓] Flutter (Channel stable, 3.3.4, on Microsoft Windows [Version 10.0.19045.2130], locale en-DE)
    • Flutter version 3.3.4 on channel stable at C:\Users\fulop\flutter
    • Upstream repository https://github.com/flutter/flutter.git
    • Framework revision eb6d86ee27 (10 days ago), 2022-10-04 22:31:45 -0700
    • Engine revision c08d7d5efc
    • Dart version 2.18.2
    • DevTools version 2.15.0

[!] Android toolchain - develop for Android devices (Android SDK version 33.0.0)
    • Android SDK at C:\Users\fulop\AppData\Local\Android\sdk
    ✗ cmdline-tools component is missing
      Run `path/to/sdkmanager --install "cmdline-tools;latest"`
      See https://developer.android.com/studio/command-line for more details.
    ✗ Android license status unknown.
      Run `flutter doctor --android-licenses` to accept the SDK licenses.
      See https://flutter.dev/docs/get-started/install/windows#android-setup for more details.

[✗] Chrome - develop for the web (Cannot find Chrome executable at .\Google\Chrome\Application\chrome.exe)
    ! Cannot find Chrome. Try setting CHROME_EXECUTABLE to a Chrome executable.

[✗] Visual Studio - develop for Windows
    ✗ Visual Studio not installed; this is necessary for Windows development.
      Download at https://visualstudio.microsoft.com/downloads/.
      Please install the "Desktop development with C++" workload, including all of its default components

[✓] Android Studio (version 2021.3)
    • Android Studio at C:\Program Files\Android\Android Studio
    • Flutter plugin can be installed from:
      🔨 https://plugins.jetbrains.com/plugin/9212-flutter
    • Dart plugin can be installed from:
      🔨 https://plugins.jetbrains.com/plugin/6351-dart
    • Java version OpenJDK Runtime Environment (build 11.0.13+0-b1751.21-8125866)

[✓] VS Code (version 1.72.2)
    • VS Code at C:\Users\fulop\AppData\Local\Programs\Microsoft VS Code
    • Flutter extension version 3.50.0

[✓] Connected device (3 available)
    • SM G960U (mobile) • 4636333953483098 • android-arm64  • Android 10 (API 29)
    • Windows (desktop) • windows          • windows-x64    • Microsoft Windows [Version 10.0.19045.2130]
    • Edge (web)        • edge             • web-javascript • Microsoft Edge 106.0.1370.47

[✓] HTTP Host Availability
    • All required HTTP hosts are available

! Doctor found issues in 3 categories.
```
